[35m[1mScanning dependencies of target path_planning_node[0m
[ 20%] [32mBuilding CXX object CMakeFiles/path_planning_node.dir/src/PathPlanningNode.cpp.o[0m
[ 40%] [32mBuilding CXX object CMakeFiles/path_planning_node.dir/src/CleaningPathPlanner.cpp.o[0m
[01m[K/home/winslow/catkin_ws/src/Clean-robot-turtlebot3/clean_robot/src/PathPlanningNode.cpp:[m[K In function ‘[01m[Kint main(int, char**)[m[K’:
[01m[K/home/winslow/catkin_ws/src/Clean-robot-turtlebot3/clean_robot/src/PathPlanningNode.cpp:20:56:[m[K [01;31m[Kerror: [m[Kno matching function for call to ‘[01m[Kcostmap_2d::Costmap2DROS::Costmap2DROS(const char [17], tf::TransformListener&)[m[K’
   20 |     costmap_2d::Costmap2DROS lcr("cleaning_costmap", tf[01;31m[K)[m[K;
      |                                                        [01;31m[K^[m[K
In file included from [01m[K/home/winslow/catkin_ws/src/Clean-robot-turtlebot3/clean_robot/src/CleaningPathPlanner.h:20[m[K,
                 from [01m[K/home/winslow/catkin_ws/src/Clean-robot-turtlebot3/clean_robot/src/PathPlanningNode.cpp:1[m[K:
[01m[K/opt/ros/noetic/include/costmap_2d/costmap_2d_ros.h:82:3:[m[K [01;36m[Knote: [m[Kcandidate: ‘[01m[Kcostmap_2d::Costmap2DROS::Costmap2DROS(const string&, tf2_ros::Buffer&)[m[K’
   82 |   [01;36m[KCostmap2DROS[m[K(const std::string &name, tf2_ros::Buffer& tf);
      |   [01;36m[K^~~~~~~~~~~~[m[K
[01m[K/opt/ros/noetic/include/costmap_2d/costmap_2d_ros.h:82:58:[m[K [01;36m[Knote: [m[K  no known conversion for argument 2 from ‘[01m[Ktf::TransformListener[m[K’ to ‘[01m[Ktf2_ros::Buffer&[m[K’
   82 |   Costmap2DROS(const std::string &name, [01;36m[Ktf2_ros::Buffer& tf[m[K);
      |                                         [01;36m[K~~~~~~~~~~~~~~~~~^~[m[K
[01m[K/home/winslow/catkin_ws/src/Clean-robot-turtlebot3/clean_robot/src/CleaningPathPlanner.cpp:[m[K In member function ‘[01m[Kvoid CleaningPathPlanning::mainPlanningLoop()[m[K’:
[01m[K/home/winslow/catkin_ws/src/Clean-robot-turtlebot3/clean_robot/src/CleaningPathPlanner.cpp:402:46:[m[K [01;31m[Kerror: [m[Kcannot convert ‘[01m[Ktf::Stamped<tf::Transform>[m[K’ to ‘[01m[Kgeometry_msgs::PoseStamped&[m[K’ {aka ‘[01m[Kgeometry_msgs::PoseStamped_<std::allocator<void> >&[m[K’}
  402 |     bool isok = costmap2d_ros_->getRobotPose([01;31m[KinitPose_[m[K);
      |                                              [01;31m[K^~~~~~~~~[m[K
      |                                              [01;31m[K|[m[K
      |                                              [01;31m[Ktf::Stamped<tf::Transform>[m[K
In file included from [01m[K/home/winslow/catkin_ws/src/Clean-robot-turtlebot3/clean_robot/src/CleaningPathPlanner.h:20[m[K,
                 from [01m[K/home/winslow/catkin_ws/src/Clean-robot-turtlebot3/clean_robot/src/CleaningPathPlanner.cpp:1[m[K:
[01m[K/opt/ros/noetic/include/costmap_2d/costmap_2d_ros.h:133:49:[m[K [01;36m[Knote: [m[K  initializing argument 1 of ‘[01m[Kbool costmap_2d::Costmap2DROS::getRobotPose(geometry_msgs::PoseStamped&) const[m[K’
  133 |   bool getRobotPose([01;36m[Kgeometry_msgs::PoseStamped& global_pose[m[K) const;
      |                     [01;36m[K~~~~~~~~~~~~~~~~~~~~~~~~~~~~^~~~~~~~~~~[m[K
make[2]: *** [CMakeFiles/path_planning_node.dir/build.make:63: CMakeFiles/path_planning_node.dir/src/PathPlanningNode.cpp.o] Error 1
make[2]: *** Waiting for unfinished jobs....
make[2]: *** [CMakeFiles/path_planning_node.dir/build.make:76: CMakeFiles/path_planning_node.dir/src/CleaningPathPlanner.cpp.o] Error 1
make[1]: *** [CMakeFiles/Makefile2:895: CMakeFiles/path_planning_node.dir/all] Error 2
make: *** [Makefile:141: all] Error 2
