Symlinking /home/winslow/catkin_ws/devel/share/gennodejs/ros/com2009_msgs/_index.js
Symlinking /home/winslow/catkin_ws/devel/share/gennodejs/ros/com2009_msgs/msg/CameraSweepAction.js
Symlinking /home/winslow/catkin_ws/devel/share/gennodejs/ros/com2009_msgs/msg/SearchActionGoal.js
Symlinking /home/winslow/catkin_ws/devel/share/gennodejs/ros/com2009_msgs/msg/CameraSweepActionResult.js
Symlinking /home/winslow/catkin_ws/devel/share/gennodejs/ros/com2009_msgs/msg/NumpyInt32Array.js
Symlinking /home/winslow/catkin_ws/devel/share/gennodejs/ros/com2009_msgs/msg/CameraSweepGoal.js
Symlinking /home/winslow/catkin_ws/devel/share/gennodejs/ros/com2009_msgs/msg/NumpyFloat32Array.js
Symlinking /home/winslow/catkin_ws/devel/share/gennodejs/ros/com2009_msgs/msg/CameraSweepResult.js
Symlinking /home/winslow/catkin_ws/devel/share/gennodejs/ros/com2009_msgs/msg/CameraSweepActionFeedback.js
Symlinking /home/winslow/catkin_ws/devel/share/gennodejs/ros/com2009_msgs/msg/SearchGoal.js
Symlinking /home/winslow/catkin_ws/devel/share/gennodejs/ros/com2009_msgs/msg/SearchActionFeedback.js
Symlinking /home/winslow/catkin_ws/devel/share/gennodejs/ros/com2009_msgs/msg/SearchResult.js
Symlinking /home/winslow/catkin_ws/devel/share/gennodejs/ros/com2009_msgs/msg/CameraSweepFeedback.js
Symlinking /home/winslow/catkin_ws/devel/share/gennodejs/ros/com2009_msgs/msg/_index.js
Symlinking /home/winslow/catkin_ws/devel/share/gennodejs/ros/com2009_msgs/msg/SearchFeedback.js
Symlinking /home/winslow/catkin_ws/devel/share/gennodejs/ros/com2009_msgs/msg/SearchActionResult.js
Symlinking /home/winslow/catkin_ws/devel/share/gennodejs/ros/com2009_msgs/msg/SearchAction.js
Symlinking /home/winslow/catkin_ws/devel/share/gennodejs/ros/com2009_msgs/msg/CameraSweepActionGoal.js
Symlinking /home/winslow/catkin_ws/devel/share/gennodejs/ros/com2009_msgs/srv/SetBool.js
Symlinking /home/winslow/catkin_ws/devel/share/gennodejs/ros/com2009_msgs/srv/_index.js
Symlinking /home/winslow/catkin_ws/devel/share/gennodejs/ros/com2009_msgs/srv/Approach.js
Symlinking /home/winslow/catkin_ws/devel/share/gennodejs/ros/com2009_msgs/srv/TimedMovement.js
Symlinking /home/winslow/catkin_ws/devel/share/common-lisp/ros/com2009_msgs/msg/CameraSweepActionResult.lisp
Symlinking /home/winslow/catkin_ws/devel/share/common-lisp/ros/com2009_msgs/msg/_package.lisp
Symlinking /home/winslow/catkin_ws/devel/share/common-lisp/ros/com2009_msgs/msg/_package_SearchActionFeedback.lisp
Symlinking /home/winslow/catkin_ws/devel/share/common-lisp/ros/com2009_msgs/msg/com2009_msgs-msg.asd
Symlinking /home/winslow/catkin_ws/devel/share/common-lisp/ros/com2009_msgs/msg/NumpyInt32Array.lisp
Symlinking /home/winslow/catkin_ws/devel/share/common-lisp/ros/com2009_msgs/msg/_package_SearchAction.lisp
Symlinking /home/winslow/catkin_ws/devel/share/common-lisp/ros/com2009_msgs/msg/SearchActionResult.lisp
Symlinking /home/winslow/catkin_ws/devel/share/common-lisp/ros/com2009_msgs/msg/_package_CameraSweepFeedback.lisp
Symlinking /home/winslow/catkin_ws/devel/share/common-lisp/ros/com2009_msgs/msg/_package_CameraSweepGoal.lisp
Symlinking /home/winslow/catkin_ws/devel/share/common-lisp/ros/com2009_msgs/msg/CameraSweepActionGoal.lisp
Symlinking /home/winslow/catkin_ws/devel/share/common-lisp/ros/com2009_msgs/msg/_package_CameraSweepActionGoal.lisp
Symlinking /home/winslow/catkin_ws/devel/share/common-lisp/ros/com2009_msgs/msg/CameraSweepAction.lisp
Symlinking /home/winslow/catkin_ws/devel/share/common-lisp/ros/com2009_msgs/msg/_package_SearchActionResult.lisp
Symlinking /home/winslow/catkin_ws/devel/share/common-lisp/ros/com2009_msgs/msg/SearchActionFeedback.lisp
Symlinking /home/winslow/catkin_ws/devel/share/common-lisp/ros/com2009_msgs/msg/NumpyFloat32Array.lisp
Symlinking /home/winslow/catkin_ws/devel/share/common-lisp/ros/com2009_msgs/msg/_package_NumpyFloat32Array.lisp
Symlinking /home/winslow/catkin_ws/devel/share/common-lisp/ros/com2009_msgs/msg/CameraSweepActionFeedback.lisp
Symlinking /home/winslow/catkin_ws/devel/share/common-lisp/ros/com2009_msgs/msg/_package_CameraSweepResult.lisp
Symlinking /home/winslow/catkin_ws/devel/share/common-lisp/ros/com2009_msgs/msg/SearchResult.lisp
Symlinking /home/winslow/catkin_ws/devel/share/common-lisp/ros/com2009_msgs/msg/_package_CameraSweepActionFeedback.lisp
Symlinking /home/winslow/catkin_ws/devel/share/common-lisp/ros/com2009_msgs/msg/_package_SearchActionGoal.lisp
Symlinking /home/winslow/catkin_ws/devel/share/common-lisp/ros/com2009_msgs/msg/SearchActionGoal.lisp
Symlinking /home/winslow/catkin_ws/devel/share/common-lisp/ros/com2009_msgs/msg/_package_CameraSweepAction.lisp
Symlinking /home/winslow/catkin_ws/devel/share/common-lisp/ros/com2009_msgs/msg/CameraSweepFeedback.lisp
Symlinking /home/winslow/catkin_ws/devel/share/common-lisp/ros/com2009_msgs/msg/SearchGoal.lisp
Symlinking /home/winslow/catkin_ws/devel/share/common-lisp/ros/com2009_msgs/msg/SearchFeedback.lisp
Symlinking /home/winslow/catkin_ws/devel/share/common-lisp/ros/com2009_msgs/msg/_package_SearchGoal.lisp
Symlinking /home/winslow/catkin_ws/devel/share/common-lisp/ros/com2009_msgs/msg/_package_CameraSweepActionResult.lisp
Symlinking /home/winslow/catkin_ws/devel/share/common-lisp/ros/com2009_msgs/msg/CameraSweepGoal.lisp
Symlinking /home/winslow/catkin_ws/devel/share/common-lisp/ros/com2009_msgs/msg/SearchAction.lisp
Symlinking /home/winslow/catkin_ws/devel/share/common-lisp/ros/com2009_msgs/msg/_package_NumpyInt32Array.lisp
Symlinking /home/winslow/catkin_ws/devel/share/common-lisp/ros/com2009_msgs/msg/_package_SearchFeedback.lisp
Symlinking /home/winslow/catkin_ws/devel/share/common-lisp/ros/com2009_msgs/msg/CameraSweepResult.lisp
Symlinking /home/winslow/catkin_ws/devel/share/common-lisp/ros/com2009_msgs/msg/_package_SearchResult.lisp
Symlinking /home/winslow/catkin_ws/devel/share/common-lisp/ros/com2009_msgs/srv/_package.lisp
Symlinking /home/winslow/catkin_ws/devel/share/common-lisp/ros/com2009_msgs/srv/Approach.lisp
Symlinking /home/winslow/catkin_ws/devel/share/common-lisp/ros/com2009_msgs/srv/_package_TimedMovement.lisp
Symlinking /home/winslow/catkin_ws/devel/share/common-lisp/ros/com2009_msgs/srv/_package_SetBool.lisp
Symlinking /home/winslow/catkin_ws/devel/share/common-lisp/ros/com2009_msgs/srv/_package_Approach.lisp
Symlinking /home/winslow/catkin_ws/devel/share/common-lisp/ros/com2009_msgs/srv/TimedMovement.lisp
Symlinking /home/winslow/catkin_ws/devel/share/common-lisp/ros/com2009_msgs/srv/com2009_msgs-srv.asd
Symlinking /home/winslow/catkin_ws/devel/share/common-lisp/ros/com2009_msgs/srv/SetBool.lisp
Symlinking /home/winslow/catkin_ws/devel/share/com2009_msgs/cmake/com2009_msgs-msg-extras.cmake
Symlinking /home/winslow/catkin_ws/devel/share/com2009_msgs/cmake/com2009_msgs-msg-paths.cmake
Symlinking /home/winslow/catkin_ws/devel/share/com2009_msgs/cmake/com2009_msgsConfig.cmake
Symlinking /home/winslow/catkin_ws/devel/share/com2009_msgs/cmake/com2009_msgsConfig-version.cmake
Symlinking /home/winslow/catkin_ws/devel/share/com2009_msgs/msg/CameraSweepActionGoal.msg
Symlinking /home/winslow/catkin_ws/devel/share/com2009_msgs/msg/SearchFeedback.msg
Symlinking /home/winslow/catkin_ws/devel/share/com2009_msgs/msg/SearchGoal.msg
Symlinking /home/winslow/catkin_ws/devel/share/com2009_msgs/msg/CameraSweepAction.msg
Symlinking /home/winslow/catkin_ws/devel/share/com2009_msgs/msg/CameraSweepGoal.msg
Symlinking /home/winslow/catkin_ws/devel/share/com2009_msgs/msg/CameraSweepActionFeedback.msg
Symlinking /home/winslow/catkin_ws/devel/share/com2009_msgs/msg/SearchActionGoal.msg
Symlinking /home/winslow/catkin_ws/devel/share/com2009_msgs/msg/SearchAction.msg
Symlinking /home/winslow/catkin_ws/devel/share/com2009_msgs/msg/CameraSweepFeedback.msg
Symlinking /home/winslow/catkin_ws/devel/share/com2009_msgs/msg/CameraSweepResult.msg
Symlinking /home/winslow/catkin_ws/devel/share/com2009_msgs/msg/SearchActionFeedback.msg
Symlinking /home/winslow/catkin_ws/devel/share/com2009_msgs/msg/CameraSweepActionResult.msg
Symlinking /home/winslow/catkin_ws/devel/share/com2009_msgs/msg/SearchResult.msg
Symlinking /home/winslow/catkin_ws/devel/share/com2009_msgs/msg/SearchActionResult.msg
Symlinking /home/winslow/catkin_ws/devel/share/roseus/ros/com2009_msgs/manifest.l
Symlinking /home/winslow/catkin_ws/devel/share/roseus/ros/com2009_msgs/msg/SearchFeedback.l
Symlinking /home/winslow/catkin_ws/devel/share/roseus/ros/com2009_msgs/msg/NumpyFloat32Array.l
Symlinking /home/winslow/catkin_ws/devel/share/roseus/ros/com2009_msgs/msg/SearchActionFeedback.l
Symlinking /home/winslow/catkin_ws/devel/share/roseus/ros/com2009_msgs/msg/CameraSweepActionResult.l
Symlinking /home/winslow/catkin_ws/devel/share/roseus/ros/com2009_msgs/msg/CameraSweepResult.l
Symlinking /home/winslow/catkin_ws/devel/share/roseus/ros/com2009_msgs/msg/SearchActionResult.l
Symlinking /home/winslow/catkin_ws/devel/share/roseus/ros/com2009_msgs/msg/SearchActionGoal.l
Symlinking /home/winslow/catkin_ws/devel/share/roseus/ros/com2009_msgs/msg/SearchAction.l
Symlinking /home/winslow/catkin_ws/devel/share/roseus/ros/com2009_msgs/msg/SearchResult.l
Symlinking /home/winslow/catkin_ws/devel/share/roseus/ros/com2009_msgs/msg/CameraSweepActionGoal.l
Symlinking /home/winslow/catkin_ws/devel/share/roseus/ros/com2009_msgs/msg/CameraSweepFeedback.l
Symlinking /home/winslow/catkin_ws/devel/share/roseus/ros/com2009_msgs/msg/CameraSweepGoal.l
Symlinking /home/winslow/catkin_ws/devel/share/roseus/ros/com2009_msgs/msg/NumpyInt32Array.l
Symlinking /home/winslow/catkin_ws/devel/share/roseus/ros/com2009_msgs/msg/SearchGoal.l
Symlinking /home/winslow/catkin_ws/devel/share/roseus/ros/com2009_msgs/msg/CameraSweepActionFeedback.l
Symlinking /home/winslow/catkin_ws/devel/share/roseus/ros/com2009_msgs/msg/CameraSweepAction.l
Symlinking /home/winslow/catkin_ws/devel/share/roseus/ros/com2009_msgs/srv/TimedMovement.l
Symlinking /home/winslow/catkin_ws/devel/share/roseus/ros/com2009_msgs/srv/SetBool.l
Symlinking /home/winslow/catkin_ws/devel/share/roseus/ros/com2009_msgs/srv/Approach.l
Symlinking /home/winslow/catkin_ws/devel/lib/python3/dist-packages/com2009_msgs/__init__.py
Symlinking /home/winslow/catkin_ws/devel/lib/python3/dist-packages/com2009_msgs/msg/_NumpyFloat32Array.py
Symlinking /home/winslow/catkin_ws/devel/lib/python3/dist-packages/com2009_msgs/msg/_SearchGoal.py
Symlinking /home/winslow/catkin_ws/devel/lib/python3/dist-packages/com2009_msgs/msg/_SearchActionFeedback.py
Symlinking /home/winslow/catkin_ws/devel/lib/python3/dist-packages/com2009_msgs/msg/__init__.py
Symlinking /home/winslow/catkin_ws/devel/lib/python3/dist-packages/com2009_msgs/msg/_CameraSweepGoal.py
Symlinking /home/winslow/catkin_ws/devel/lib/python3/dist-packages/com2009_msgs/msg/_SearchAction.py
Symlinking /home/winslow/catkin_ws/devel/lib/python3/dist-packages/com2009_msgs/msg/_CameraSweepActionGoal.py
Symlinking /home/winslow/catkin_ws/devel/lib/python3/dist-packages/com2009_msgs/msg/_CameraSweepFeedback.py
Symlinking /home/winslow/catkin_ws/devel/lib/python3/dist-packages/com2009_msgs/msg/_CameraSweepActionResult.py
Symlinking /home/winslow/catkin_ws/devel/lib/python3/dist-packages/com2009_msgs/msg/_NumpyInt32Array.py
Symlinking /home/winslow/catkin_ws/devel/lib/python3/dist-packages/com2009_msgs/msg/_SearchActionGoal.py
Symlinking /home/winslow/catkin_ws/devel/lib/python3/dist-packages/com2009_msgs/msg/_CameraSweepActionFeedback.py
Symlinking /home/winslow/catkin_ws/devel/lib/python3/dist-packages/com2009_msgs/msg/_CameraSweepResult.py
Symlinking /home/winslow/catkin_ws/devel/lib/python3/dist-packages/com2009_msgs/msg/_SearchFeedback.py
Symlinking /home/winslow/catkin_ws/devel/lib/python3/dist-packages/com2009_msgs/msg/_SearchActionResult.py
Symlinking /home/winslow/catkin_ws/devel/lib/python3/dist-packages/com2009_msgs/msg/_SearchResult.py
Symlinking /home/winslow/catkin_ws/devel/lib/python3/dist-packages/com2009_msgs/msg/_CameraSweepAction.py
Symlinking /home/winslow/catkin_ws/devel/lib/python3/dist-packages/com2009_msgs/srv/__init__.py
Symlinking /home/winslow/catkin_ws/devel/lib/python3/dist-packages/com2009_msgs/srv/_SetBool.py
Symlinking /home/winslow/catkin_ws/devel/lib/python3/dist-packages/com2009_msgs/srv/_TimedMovement.py
Symlinking /home/winslow/catkin_ws/devel/lib/python3/dist-packages/com2009_msgs/srv/_Approach.py
Symlinking /home/winslow/catkin_ws/devel/lib/pkgconfig/com2009_msgs.pc
Symlinking /home/winslow/catkin_ws/devel/include/com2009_msgs/Approach.h
Symlinking /home/winslow/catkin_ws/devel/include/com2009_msgs/CameraSweepResult.h
Symlinking /home/winslow/catkin_ws/devel/include/com2009_msgs/TimedMovement.h
Symlinking /home/winslow/catkin_ws/devel/include/com2009_msgs/CameraSweepActionGoal.h
Symlinking /home/winslow/catkin_ws/devel/include/com2009_msgs/SetBoolResponse.h
Symlinking /home/winslow/catkin_ws/devel/include/com2009_msgs/SearchActionGoal.h
Symlinking /home/winslow/catkin_ws/devel/include/com2009_msgs/ApproachRequest.h
Symlinking /home/winslow/catkin_ws/devel/include/com2009_msgs/SearchResult.h
Symlinking /home/winslow/catkin_ws/devel/include/com2009_msgs/CameraSweepActionResult.h
Symlinking /home/winslow/catkin_ws/devel/include/com2009_msgs/NumpyInt32Array.h
Symlinking /home/winslow/catkin_ws/devel/include/com2009_msgs/TimedMovementResponse.h
Symlinking /home/winslow/catkin_ws/devel/include/com2009_msgs/CameraSweepActionFeedback.h
Symlinking /home/winslow/catkin_ws/devel/include/com2009_msgs/SetBool.h
Symlinking /home/winslow/catkin_ws/devel/include/com2009_msgs/ApproachResponse.h
Symlinking /home/winslow/catkin_ws/devel/include/com2009_msgs/SearchActionResult.h
Symlinking /home/winslow/catkin_ws/devel/include/com2009_msgs/SetBoolRequest.h
Symlinking /home/winslow/catkin_ws/devel/include/com2009_msgs/CameraSweepFeedback.h
Symlinking /home/winslow/catkin_ws/devel/include/com2009_msgs/NumpyFloat32Array.h
Symlinking /home/winslow/catkin_ws/devel/include/com2009_msgs/SearchActionFeedback.h
Symlinking /home/winslow/catkin_ws/devel/include/com2009_msgs/SearchFeedback.h
Symlinking /home/winslow/catkin_ws/devel/include/com2009_msgs/CameraSweepAction.h
Symlinking /home/winslow/catkin_ws/devel/include/com2009_msgs/TimedMovementRequest.h
Symlinking /home/winslow/catkin_ws/devel/include/com2009_msgs/SearchGoal.h
Symlinking /home/winslow/catkin_ws/devel/include/com2009_msgs/SearchAction.h
Symlinking /home/winslow/catkin_ws/devel/include/com2009_msgs/CameraSweepGoal.h
