Linked: (/home/winslow/catkin_ws/devel/.private/com2009_msgs/share/gennodejs/ros/com2009_msgs/_index.js, /home/winslow/catkin_ws/devel/share/gennodejs/ros/com2009_msgs/_index.js)
Linked: (/home/winslow/catkin_ws/devel/.private/com2009_msgs/share/gennodejs/ros/com2009_msgs/msg/CameraSweepAction.js, /home/winslow/catkin_ws/devel/share/gennodejs/ros/com2009_msgs/msg/CameraSweepAction.js)
Linked: (/home/winslow/catkin_ws/devel/.private/com2009_msgs/share/gennodejs/ros/com2009_msgs/msg/SearchActionGoal.js, /home/winslow/catkin_ws/devel/share/gennodejs/ros/com2009_msgs/msg/SearchActionGoal.js)
Linked: (/home/winslow/catkin_ws/devel/.private/com2009_msgs/share/gennodejs/ros/com2009_msgs/msg/CameraSweepActionResult.js, /home/winslow/catkin_ws/devel/share/gennodejs/ros/com2009_msgs/msg/CameraSweepActionResult.js)
Linked: (/home/winslow/catkin_ws/devel/.private/com2009_msgs/share/gennodejs/ros/com2009_msgs/msg/NumpyInt32Array.js, /home/winslow/catkin_ws/devel/share/gennodejs/ros/com2009_msgs/msg/NumpyInt32Array.js)
Linked: (/home/winslow/catkin_ws/devel/.private/com2009_msgs/share/gennodejs/ros/com2009_msgs/msg/CameraSweepGoal.js, /home/winslow/catkin_ws/devel/share/gennodejs/ros/com2009_msgs/msg/CameraSweepGoal.js)
Linked: (/home/winslow/catkin_ws/devel/.private/com2009_msgs/share/gennodejs/ros/com2009_msgs/msg/NumpyFloat32Array.js, /home/winslow/catkin_ws/devel/share/gennodejs/ros/com2009_msgs/msg/NumpyFloat32Array.js)
Linked: (/home/winslow/catkin_ws/devel/.private/com2009_msgs/share/gennodejs/ros/com2009_msgs/msg/CameraSweepResult.js, /home/winslow/catkin_ws/devel/share/gennodejs/ros/com2009_msgs/msg/CameraSweepResult.js)
Linked: (/home/winslow/catkin_ws/devel/.private/com2009_msgs/share/gennodejs/ros/com2009_msgs/msg/CameraSweepActionFeedback.js, /home/winslow/catkin_ws/devel/share/gennodejs/ros/com2009_msgs/msg/CameraSweepActionFeedback.js)
Linked: (/home/winslow/catkin_ws/devel/.private/com2009_msgs/share/gennodejs/ros/com2009_msgs/msg/SearchGoal.js, /home/winslow/catkin_ws/devel/share/gennodejs/ros/com2009_msgs/msg/SearchGoal.js)
Linked: (/home/winslow/catkin_ws/devel/.private/com2009_msgs/share/gennodejs/ros/com2009_msgs/msg/SearchActionFeedback.js, /home/winslow/catkin_ws/devel/share/gennodejs/ros/com2009_msgs/msg/SearchActionFeedback.js)
Linked: (/home/winslow/catkin_ws/devel/.private/com2009_msgs/share/gennodejs/ros/com2009_msgs/msg/SearchResult.js, /home/winslow/catkin_ws/devel/share/gennodejs/ros/com2009_msgs/msg/SearchResult.js)
Linked: (/home/winslow/catkin_ws/devel/.private/com2009_msgs/share/gennodejs/ros/com2009_msgs/msg/CameraSweepFeedback.js, /home/winslow/catkin_ws/devel/share/gennodejs/ros/com2009_msgs/msg/CameraSweepFeedback.js)
Linked: (/home/winslow/catkin_ws/devel/.private/com2009_msgs/share/gennodejs/ros/com2009_msgs/msg/_index.js, /home/winslow/catkin_ws/devel/share/gennodejs/ros/com2009_msgs/msg/_index.js)
Linked: (/home/winslow/catkin_ws/devel/.private/com2009_msgs/share/gennodejs/ros/com2009_msgs/msg/SearchFeedback.js, /home/winslow/catkin_ws/devel/share/gennodejs/ros/com2009_msgs/msg/SearchFeedback.js)
Linked: (/home/winslow/catkin_ws/devel/.private/com2009_msgs/share/gennodejs/ros/com2009_msgs/msg/SearchActionResult.js, /home/winslow/catkin_ws/devel/share/gennodejs/ros/com2009_msgs/msg/SearchActionResult.js)
Linked: (/home/winslow/catkin_ws/devel/.private/com2009_msgs/share/gennodejs/ros/com2009_msgs/msg/SearchAction.js, /home/winslow/catkin_ws/devel/share/gennodejs/ros/com2009_msgs/msg/SearchAction.js)
Linked: (/home/winslow/catkin_ws/devel/.private/com2009_msgs/share/gennodejs/ros/com2009_msgs/msg/CameraSweepActionGoal.js, /home/winslow/catkin_ws/devel/share/gennodejs/ros/com2009_msgs/msg/CameraSweepActionGoal.js)
Linked: (/home/winslow/catkin_ws/devel/.private/com2009_msgs/share/gennodejs/ros/com2009_msgs/srv/SetBool.js, /home/winslow/catkin_ws/devel/share/gennodejs/ros/com2009_msgs/srv/SetBool.js)
Linked: (/home/winslow/catkin_ws/devel/.private/com2009_msgs/share/gennodejs/ros/com2009_msgs/srv/_index.js, /home/winslow/catkin_ws/devel/share/gennodejs/ros/com2009_msgs/srv/_index.js)
Linked: (/home/winslow/catkin_ws/devel/.private/com2009_msgs/share/gennodejs/ros/com2009_msgs/srv/Approach.js, /home/winslow/catkin_ws/devel/share/gennodejs/ros/com2009_msgs/srv/Approach.js)
Linked: (/home/winslow/catkin_ws/devel/.private/com2009_msgs/share/gennodejs/ros/com2009_msgs/srv/TimedMovement.js, /home/winslow/catkin_ws/devel/share/gennodejs/ros/com2009_msgs/srv/TimedMovement.js)
Linked: (/home/winslow/catkin_ws/devel/.private/com2009_msgs/share/common-lisp/ros/com2009_msgs/msg/CameraSweepActionResult.lisp, /home/winslow/catkin_ws/devel/share/common-lisp/ros/com2009_msgs/msg/CameraSweepActionResult.lisp)
Linked: (/home/winslow/catkin_ws/devel/.private/com2009_msgs/share/common-lisp/ros/com2009_msgs/msg/_package.lisp, /home/winslow/catkin_ws/devel/share/common-lisp/ros/com2009_msgs/msg/_package.lisp)
Linked: (/home/winslow/catkin_ws/devel/.private/com2009_msgs/share/common-lisp/ros/com2009_msgs/msg/_package_SearchActionFeedback.lisp, /home/winslow/catkin_ws/devel/share/common-lisp/ros/com2009_msgs/msg/_package_SearchActionFeedback.lisp)
Linked: (/home/winslow/catkin_ws/devel/.private/com2009_msgs/share/common-lisp/ros/com2009_msgs/msg/com2009_msgs-msg.asd, /home/winslow/catkin_ws/devel/share/common-lisp/ros/com2009_msgs/msg/com2009_msgs-msg.asd)
Linked: (/home/winslow/catkin_ws/devel/.private/com2009_msgs/share/common-lisp/ros/com2009_msgs/msg/NumpyInt32Array.lisp, /home/winslow/catkin_ws/devel/share/common-lisp/ros/com2009_msgs/msg/NumpyInt32Array.lisp)
Linked: (/home/winslow/catkin_ws/devel/.private/com2009_msgs/share/common-lisp/ros/com2009_msgs/msg/_package_SearchAction.lisp, /home/winslow/catkin_ws/devel/share/common-lisp/ros/com2009_msgs/msg/_package_SearchAction.lisp)
Linked: (/home/winslow/catkin_ws/devel/.private/com2009_msgs/share/common-lisp/ros/com2009_msgs/msg/SearchActionResult.lisp, /home/winslow/catkin_ws/devel/share/common-lisp/ros/com2009_msgs/msg/SearchActionResult.lisp)
Linked: (/home/winslow/catkin_ws/devel/.private/com2009_msgs/share/common-lisp/ros/com2009_msgs/msg/_package_CameraSweepFeedback.lisp, /home/winslow/catkin_ws/devel/share/common-lisp/ros/com2009_msgs/msg/_package_CameraSweepFeedback.lisp)
Linked: (/home/winslow/catkin_ws/devel/.private/com2009_msgs/share/common-lisp/ros/com2009_msgs/msg/_package_CameraSweepGoal.lisp, /home/winslow/catkin_ws/devel/share/common-lisp/ros/com2009_msgs/msg/_package_CameraSweepGoal.lisp)
Linked: (/home/winslow/catkin_ws/devel/.private/com2009_msgs/share/common-lisp/ros/com2009_msgs/msg/CameraSweepActionGoal.lisp, /home/winslow/catkin_ws/devel/share/common-lisp/ros/com2009_msgs/msg/CameraSweepActionGoal.lisp)
Linked: (/home/winslow/catkin_ws/devel/.private/com2009_msgs/share/common-lisp/ros/com2009_msgs/msg/_package_CameraSweepActionGoal.lisp, /home/winslow/catkin_ws/devel/share/common-lisp/ros/com2009_msgs/msg/_package_CameraSweepActionGoal.lisp)
Linked: (/home/winslow/catkin_ws/devel/.private/com2009_msgs/share/common-lisp/ros/com2009_msgs/msg/CameraSweepAction.lisp, /home/winslow/catkin_ws/devel/share/common-lisp/ros/com2009_msgs/msg/CameraSweepAction.lisp)
Linked: (/home/winslow/catkin_ws/devel/.private/com2009_msgs/share/common-lisp/ros/com2009_msgs/msg/_package_SearchActionResult.lisp, /home/winslow/catkin_ws/devel/share/common-lisp/ros/com2009_msgs/msg/_package_SearchActionResult.lisp)
Linked: (/home/winslow/catkin_ws/devel/.private/com2009_msgs/share/common-lisp/ros/com2009_msgs/msg/SearchActionFeedback.lisp, /home/winslow/catkin_ws/devel/share/common-lisp/ros/com2009_msgs/msg/SearchActionFeedback.lisp)
Linked: (/home/winslow/catkin_ws/devel/.private/com2009_msgs/share/common-lisp/ros/com2009_msgs/msg/NumpyFloat32Array.lisp, /home/winslow/catkin_ws/devel/share/common-lisp/ros/com2009_msgs/msg/NumpyFloat32Array.lisp)
Linked: (/home/winslow/catkin_ws/devel/.private/com2009_msgs/share/common-lisp/ros/com2009_msgs/msg/_package_NumpyFloat32Array.lisp, /home/winslow/catkin_ws/devel/share/common-lisp/ros/com2009_msgs/msg/_package_NumpyFloat32Array.lisp)
Linked: (/home/winslow/catkin_ws/devel/.private/com2009_msgs/share/common-lisp/ros/com2009_msgs/msg/CameraSweepActionFeedback.lisp, /home/winslow/catkin_ws/devel/share/common-lisp/ros/com2009_msgs/msg/CameraSweepActionFeedback.lisp)
Linked: (/home/winslow/catkin_ws/devel/.private/com2009_msgs/share/common-lisp/ros/com2009_msgs/msg/_package_CameraSweepResult.lisp, /home/winslow/catkin_ws/devel/share/common-lisp/ros/com2009_msgs/msg/_package_CameraSweepResult.lisp)
Linked: (/home/winslow/catkin_ws/devel/.private/com2009_msgs/share/common-lisp/ros/com2009_msgs/msg/SearchResult.lisp, /home/winslow/catkin_ws/devel/share/common-lisp/ros/com2009_msgs/msg/SearchResult.lisp)
Linked: (/home/winslow/catkin_ws/devel/.private/com2009_msgs/share/common-lisp/ros/com2009_msgs/msg/_package_CameraSweepActionFeedback.lisp, /home/winslow/catkin_ws/devel/share/common-lisp/ros/com2009_msgs/msg/_package_CameraSweepActionFeedback.lisp)
Linked: (/home/winslow/catkin_ws/devel/.private/com2009_msgs/share/common-lisp/ros/com2009_msgs/msg/_package_SearchActionGoal.lisp, /home/winslow/catkin_ws/devel/share/common-lisp/ros/com2009_msgs/msg/_package_SearchActionGoal.lisp)
Linked: (/home/winslow/catkin_ws/devel/.private/com2009_msgs/share/common-lisp/ros/com2009_msgs/msg/SearchActionGoal.lisp, /home/winslow/catkin_ws/devel/share/common-lisp/ros/com2009_msgs/msg/SearchActionGoal.lisp)
Linked: (/home/winslow/catkin_ws/devel/.private/com2009_msgs/share/common-lisp/ros/com2009_msgs/msg/_package_CameraSweepAction.lisp, /home/winslow/catkin_ws/devel/share/common-lisp/ros/com2009_msgs/msg/_package_CameraSweepAction.lisp)
Linked: (/home/winslow/catkin_ws/devel/.private/com2009_msgs/share/common-lisp/ros/com2009_msgs/msg/CameraSweepFeedback.lisp, /home/winslow/catkin_ws/devel/share/common-lisp/ros/com2009_msgs/msg/CameraSweepFeedback.lisp)
Linked: (/home/winslow/catkin_ws/devel/.private/com2009_msgs/share/common-lisp/ros/com2009_msgs/msg/SearchGoal.lisp, /home/winslow/catkin_ws/devel/share/common-lisp/ros/com2009_msgs/msg/SearchGoal.lisp)
Linked: (/home/winslow/catkin_ws/devel/.private/com2009_msgs/share/common-lisp/ros/com2009_msgs/msg/SearchFeedback.lisp, /home/winslow/catkin_ws/devel/share/common-lisp/ros/com2009_msgs/msg/SearchFeedback.lisp)
Linked: (/home/winslow/catkin_ws/devel/.private/com2009_msgs/share/common-lisp/ros/com2009_msgs/msg/_package_SearchGoal.lisp, /home/winslow/catkin_ws/devel/share/common-lisp/ros/com2009_msgs/msg/_package_SearchGoal.lisp)
Linked: (/home/winslow/catkin_ws/devel/.private/com2009_msgs/share/common-lisp/ros/com2009_msgs/msg/_package_CameraSweepActionResult.lisp, /home/winslow/catkin_ws/devel/share/common-lisp/ros/com2009_msgs/msg/_package_CameraSweepActionResult.lisp)
Linked: (/home/winslow/catkin_ws/devel/.private/com2009_msgs/share/common-lisp/ros/com2009_msgs/msg/CameraSweepGoal.lisp, /home/winslow/catkin_ws/devel/share/common-lisp/ros/com2009_msgs/msg/CameraSweepGoal.lisp)
Linked: (/home/winslow/catkin_ws/devel/.private/com2009_msgs/share/common-lisp/ros/com2009_msgs/msg/SearchAction.lisp, /home/winslow/catkin_ws/devel/share/common-lisp/ros/com2009_msgs/msg/SearchAction.lisp)
Linked: (/home/winslow/catkin_ws/devel/.private/com2009_msgs/share/common-lisp/ros/com2009_msgs/msg/_package_NumpyInt32Array.lisp, /home/winslow/catkin_ws/devel/share/common-lisp/ros/com2009_msgs/msg/_package_NumpyInt32Array.lisp)
Linked: (/home/winslow/catkin_ws/devel/.private/com2009_msgs/share/common-lisp/ros/com2009_msgs/msg/_package_SearchFeedback.lisp, /home/winslow/catkin_ws/devel/share/common-lisp/ros/com2009_msgs/msg/_package_SearchFeedback.lisp)
Linked: (/home/winslow/catkin_ws/devel/.private/com2009_msgs/share/common-lisp/ros/com2009_msgs/msg/CameraSweepResult.lisp, /home/winslow/catkin_ws/devel/share/common-lisp/ros/com2009_msgs/msg/CameraSweepResult.lisp)
Linked: (/home/winslow/catkin_ws/devel/.private/com2009_msgs/share/common-lisp/ros/com2009_msgs/msg/_package_SearchResult.lisp, /home/winslow/catkin_ws/devel/share/common-lisp/ros/com2009_msgs/msg/_package_SearchResult.lisp)
Linked: (/home/winslow/catkin_ws/devel/.private/com2009_msgs/share/common-lisp/ros/com2009_msgs/srv/_package.lisp, /home/winslow/catkin_ws/devel/share/common-lisp/ros/com2009_msgs/srv/_package.lisp)
Linked: (/home/winslow/catkin_ws/devel/.private/com2009_msgs/share/common-lisp/ros/com2009_msgs/srv/Approach.lisp, /home/winslow/catkin_ws/devel/share/common-lisp/ros/com2009_msgs/srv/Approach.lisp)
Linked: (/home/winslow/catkin_ws/devel/.private/com2009_msgs/share/common-lisp/ros/com2009_msgs/srv/_package_TimedMovement.lisp, /home/winslow/catkin_ws/devel/share/common-lisp/ros/com2009_msgs/srv/_package_TimedMovement.lisp)
Linked: (/home/winslow/catkin_ws/devel/.private/com2009_msgs/share/common-lisp/ros/com2009_msgs/srv/_package_SetBool.lisp, /home/winslow/catkin_ws/devel/share/common-lisp/ros/com2009_msgs/srv/_package_SetBool.lisp)
Linked: (/home/winslow/catkin_ws/devel/.private/com2009_msgs/share/common-lisp/ros/com2009_msgs/srv/_package_Approach.lisp, /home/winslow/catkin_ws/devel/share/common-lisp/ros/com2009_msgs/srv/_package_Approach.lisp)
Linked: (/home/winslow/catkin_ws/devel/.private/com2009_msgs/share/common-lisp/ros/com2009_msgs/srv/TimedMovement.lisp, /home/winslow/catkin_ws/devel/share/common-lisp/ros/com2009_msgs/srv/TimedMovement.lisp)
Linked: (/home/winslow/catkin_ws/devel/.private/com2009_msgs/share/common-lisp/ros/com2009_msgs/srv/com2009_msgs-srv.asd, /home/winslow/catkin_ws/devel/share/common-lisp/ros/com2009_msgs/srv/com2009_msgs-srv.asd)
Linked: (/home/winslow/catkin_ws/devel/.private/com2009_msgs/share/common-lisp/ros/com2009_msgs/srv/SetBool.lisp, /home/winslow/catkin_ws/devel/share/common-lisp/ros/com2009_msgs/srv/SetBool.lisp)
Linked: (/home/winslow/catkin_ws/devel/.private/com2009_msgs/share/com2009_msgs/cmake/com2009_msgs-msg-extras.cmake, /home/winslow/catkin_ws/devel/share/com2009_msgs/cmake/com2009_msgs-msg-extras.cmake)
Linked: (/home/winslow/catkin_ws/devel/.private/com2009_msgs/share/com2009_msgs/cmake/com2009_msgs-msg-paths.cmake, /home/winslow/catkin_ws/devel/share/com2009_msgs/cmake/com2009_msgs-msg-paths.cmake)
Linked: (/home/winslow/catkin_ws/devel/.private/com2009_msgs/share/com2009_msgs/cmake/com2009_msgsConfig.cmake, /home/winslow/catkin_ws/devel/share/com2009_msgs/cmake/com2009_msgsConfig.cmake)
Linked: (/home/winslow/catkin_ws/devel/.private/com2009_msgs/share/com2009_msgs/cmake/com2009_msgsConfig-version.cmake, /home/winslow/catkin_ws/devel/share/com2009_msgs/cmake/com2009_msgsConfig-version.cmake)
Linked: (/home/winslow/catkin_ws/devel/.private/com2009_msgs/share/com2009_msgs/msg/CameraSweepActionGoal.msg, /home/winslow/catkin_ws/devel/share/com2009_msgs/msg/CameraSweepActionGoal.msg)
Linked: (/home/winslow/catkin_ws/devel/.private/com2009_msgs/share/com2009_msgs/msg/SearchFeedback.msg, /home/winslow/catkin_ws/devel/share/com2009_msgs/msg/SearchFeedback.msg)
Linked: (/home/winslow/catkin_ws/devel/.private/com2009_msgs/share/com2009_msgs/msg/SearchGoal.msg, /home/winslow/catkin_ws/devel/share/com2009_msgs/msg/SearchGoal.msg)
Linked: (/home/winslow/catkin_ws/devel/.private/com2009_msgs/share/com2009_msgs/msg/CameraSweepAction.msg, /home/winslow/catkin_ws/devel/share/com2009_msgs/msg/CameraSweepAction.msg)
Linked: (/home/winslow/catkin_ws/devel/.private/com2009_msgs/share/com2009_msgs/msg/CameraSweepGoal.msg, /home/winslow/catkin_ws/devel/share/com2009_msgs/msg/CameraSweepGoal.msg)
Linked: (/home/winslow/catkin_ws/devel/.private/com2009_msgs/share/com2009_msgs/msg/CameraSweepActionFeedback.msg, /home/winslow/catkin_ws/devel/share/com2009_msgs/msg/CameraSweepActionFeedback.msg)
Linked: (/home/winslow/catkin_ws/devel/.private/com2009_msgs/share/com2009_msgs/msg/SearchActionGoal.msg, /home/winslow/catkin_ws/devel/share/com2009_msgs/msg/SearchActionGoal.msg)
Linked: (/home/winslow/catkin_ws/devel/.private/com2009_msgs/share/com2009_msgs/msg/SearchAction.msg, /home/winslow/catkin_ws/devel/share/com2009_msgs/msg/SearchAction.msg)
Linked: (/home/winslow/catkin_ws/devel/.private/com2009_msgs/share/com2009_msgs/msg/CameraSweepFeedback.msg, /home/winslow/catkin_ws/devel/share/com2009_msgs/msg/CameraSweepFeedback.msg)
Linked: (/home/winslow/catkin_ws/devel/.private/com2009_msgs/share/com2009_msgs/msg/CameraSweepResult.msg, /home/winslow/catkin_ws/devel/share/com2009_msgs/msg/CameraSweepResult.msg)
Linked: (/home/winslow/catkin_ws/devel/.private/com2009_msgs/share/com2009_msgs/msg/SearchActionFeedback.msg, /home/winslow/catkin_ws/devel/share/com2009_msgs/msg/SearchActionFeedback.msg)
Linked: (/home/winslow/catkin_ws/devel/.private/com2009_msgs/share/com2009_msgs/msg/CameraSweepActionResult.msg, /home/winslow/catkin_ws/devel/share/com2009_msgs/msg/CameraSweepActionResult.msg)
Linked: (/home/winslow/catkin_ws/devel/.private/com2009_msgs/share/com2009_msgs/msg/SearchResult.msg, /home/winslow/catkin_ws/devel/share/com2009_msgs/msg/SearchResult.msg)
Linked: (/home/winslow/catkin_ws/devel/.private/com2009_msgs/share/com2009_msgs/msg/SearchActionResult.msg, /home/winslow/catkin_ws/devel/share/com2009_msgs/msg/SearchActionResult.msg)
Linked: (/home/winslow/catkin_ws/devel/.private/com2009_msgs/share/roseus/ros/com2009_msgs/manifest.l, /home/winslow/catkin_ws/devel/share/roseus/ros/com2009_msgs/manifest.l)
Linked: (/home/winslow/catkin_ws/devel/.private/com2009_msgs/share/roseus/ros/com2009_msgs/msg/SearchFeedback.l, /home/winslow/catkin_ws/devel/share/roseus/ros/com2009_msgs/msg/SearchFeedback.l)
Linked: (/home/winslow/catkin_ws/devel/.private/com2009_msgs/share/roseus/ros/com2009_msgs/msg/NumpyFloat32Array.l, /home/winslow/catkin_ws/devel/share/roseus/ros/com2009_msgs/msg/NumpyFloat32Array.l)
Linked: (/home/winslow/catkin_ws/devel/.private/com2009_msgs/share/roseus/ros/com2009_msgs/msg/SearchActionFeedback.l, /home/winslow/catkin_ws/devel/share/roseus/ros/com2009_msgs/msg/SearchActionFeedback.l)
Linked: (/home/winslow/catkin_ws/devel/.private/com2009_msgs/share/roseus/ros/com2009_msgs/msg/CameraSweepActionResult.l, /home/winslow/catkin_ws/devel/share/roseus/ros/com2009_msgs/msg/CameraSweepActionResult.l)
Linked: (/home/winslow/catkin_ws/devel/.private/com2009_msgs/share/roseus/ros/com2009_msgs/msg/CameraSweepResult.l, /home/winslow/catkin_ws/devel/share/roseus/ros/com2009_msgs/msg/CameraSweepResult.l)
Linked: (/home/winslow/catkin_ws/devel/.private/com2009_msgs/share/roseus/ros/com2009_msgs/msg/SearchActionResult.l, /home/winslow/catkin_ws/devel/share/roseus/ros/com2009_msgs/msg/SearchActionResult.l)
Linked: (/home/winslow/catkin_ws/devel/.private/com2009_msgs/share/roseus/ros/com2009_msgs/msg/SearchActionGoal.l, /home/winslow/catkin_ws/devel/share/roseus/ros/com2009_msgs/msg/SearchActionGoal.l)
Linked: (/home/winslow/catkin_ws/devel/.private/com2009_msgs/share/roseus/ros/com2009_msgs/msg/SearchAction.l, /home/winslow/catkin_ws/devel/share/roseus/ros/com2009_msgs/msg/SearchAction.l)
Linked: (/home/winslow/catkin_ws/devel/.private/com2009_msgs/share/roseus/ros/com2009_msgs/msg/SearchResult.l, /home/winslow/catkin_ws/devel/share/roseus/ros/com2009_msgs/msg/SearchResult.l)
Linked: (/home/winslow/catkin_ws/devel/.private/com2009_msgs/share/roseus/ros/com2009_msgs/msg/CameraSweepActionGoal.l, /home/winslow/catkin_ws/devel/share/roseus/ros/com2009_msgs/msg/CameraSweepActionGoal.l)
Linked: (/home/winslow/catkin_ws/devel/.private/com2009_msgs/share/roseus/ros/com2009_msgs/msg/CameraSweepFeedback.l, /home/winslow/catkin_ws/devel/share/roseus/ros/com2009_msgs/msg/CameraSweepFeedback.l)
Linked: (/home/winslow/catkin_ws/devel/.private/com2009_msgs/share/roseus/ros/com2009_msgs/msg/CameraSweepGoal.l, /home/winslow/catkin_ws/devel/share/roseus/ros/com2009_msgs/msg/CameraSweepGoal.l)
Linked: (/home/winslow/catkin_ws/devel/.private/com2009_msgs/share/roseus/ros/com2009_msgs/msg/NumpyInt32Array.l, /home/winslow/catkin_ws/devel/share/roseus/ros/com2009_msgs/msg/NumpyInt32Array.l)
Linked: (/home/winslow/catkin_ws/devel/.private/com2009_msgs/share/roseus/ros/com2009_msgs/msg/SearchGoal.l, /home/winslow/catkin_ws/devel/share/roseus/ros/com2009_msgs/msg/SearchGoal.l)
Linked: (/home/winslow/catkin_ws/devel/.private/com2009_msgs/share/roseus/ros/com2009_msgs/msg/CameraSweepActionFeedback.l, /home/winslow/catkin_ws/devel/share/roseus/ros/com2009_msgs/msg/CameraSweepActionFeedback.l)
Linked: (/home/winslow/catkin_ws/devel/.private/com2009_msgs/share/roseus/ros/com2009_msgs/msg/CameraSweepAction.l, /home/winslow/catkin_ws/devel/share/roseus/ros/com2009_msgs/msg/CameraSweepAction.l)
Linked: (/home/winslow/catkin_ws/devel/.private/com2009_msgs/share/roseus/ros/com2009_msgs/srv/TimedMovement.l, /home/winslow/catkin_ws/devel/share/roseus/ros/com2009_msgs/srv/TimedMovement.l)
Linked: (/home/winslow/catkin_ws/devel/.private/com2009_msgs/share/roseus/ros/com2009_msgs/srv/SetBool.l, /home/winslow/catkin_ws/devel/share/roseus/ros/com2009_msgs/srv/SetBool.l)
Linked: (/home/winslow/catkin_ws/devel/.private/com2009_msgs/share/roseus/ros/com2009_msgs/srv/Approach.l, /home/winslow/catkin_ws/devel/share/roseus/ros/com2009_msgs/srv/Approach.l)
Linked: (/home/winslow/catkin_ws/devel/.private/com2009_msgs/lib/python3/dist-packages/com2009_msgs/__init__.py, /home/winslow/catkin_ws/devel/lib/python3/dist-packages/com2009_msgs/__init__.py)
Linked: (/home/winslow/catkin_ws/devel/.private/com2009_msgs/lib/python3/dist-packages/com2009_msgs/msg/_NumpyFloat32Array.py, /home/winslow/catkin_ws/devel/lib/python3/dist-packages/com2009_msgs/msg/_NumpyFloat32Array.py)
Linked: (/home/winslow/catkin_ws/devel/.private/com2009_msgs/lib/python3/dist-packages/com2009_msgs/msg/_SearchGoal.py, /home/winslow/catkin_ws/devel/lib/python3/dist-packages/com2009_msgs/msg/_SearchGoal.py)
Linked: (/home/winslow/catkin_ws/devel/.private/com2009_msgs/lib/python3/dist-packages/com2009_msgs/msg/_SearchActionFeedback.py, /home/winslow/catkin_ws/devel/lib/python3/dist-packages/com2009_msgs/msg/_SearchActionFeedback.py)
Linked: (/home/winslow/catkin_ws/devel/.private/com2009_msgs/lib/python3/dist-packages/com2009_msgs/msg/__init__.py, /home/winslow/catkin_ws/devel/lib/python3/dist-packages/com2009_msgs/msg/__init__.py)
Linked: (/home/winslow/catkin_ws/devel/.private/com2009_msgs/lib/python3/dist-packages/com2009_msgs/msg/_CameraSweepGoal.py, /home/winslow/catkin_ws/devel/lib/python3/dist-packages/com2009_msgs/msg/_CameraSweepGoal.py)
Linked: (/home/winslow/catkin_ws/devel/.private/com2009_msgs/lib/python3/dist-packages/com2009_msgs/msg/_SearchAction.py, /home/winslow/catkin_ws/devel/lib/python3/dist-packages/com2009_msgs/msg/_SearchAction.py)
Linked: (/home/winslow/catkin_ws/devel/.private/com2009_msgs/lib/python3/dist-packages/com2009_msgs/msg/_CameraSweepActionGoal.py, /home/winslow/catkin_ws/devel/lib/python3/dist-packages/com2009_msgs/msg/_CameraSweepActionGoal.py)
Linked: (/home/winslow/catkin_ws/devel/.private/com2009_msgs/lib/python3/dist-packages/com2009_msgs/msg/_CameraSweepFeedback.py, /home/winslow/catkin_ws/devel/lib/python3/dist-packages/com2009_msgs/msg/_CameraSweepFeedback.py)
Linked: (/home/winslow/catkin_ws/devel/.private/com2009_msgs/lib/python3/dist-packages/com2009_msgs/msg/_CameraSweepActionResult.py, /home/winslow/catkin_ws/devel/lib/python3/dist-packages/com2009_msgs/msg/_CameraSweepActionResult.py)
Linked: (/home/winslow/catkin_ws/devel/.private/com2009_msgs/lib/python3/dist-packages/com2009_msgs/msg/_NumpyInt32Array.py, /home/winslow/catkin_ws/devel/lib/python3/dist-packages/com2009_msgs/msg/_NumpyInt32Array.py)
Linked: (/home/winslow/catkin_ws/devel/.private/com2009_msgs/lib/python3/dist-packages/com2009_msgs/msg/_SearchActionGoal.py, /home/winslow/catkin_ws/devel/lib/python3/dist-packages/com2009_msgs/msg/_SearchActionGoal.py)
Linked: (/home/winslow/catkin_ws/devel/.private/com2009_msgs/lib/python3/dist-packages/com2009_msgs/msg/_CameraSweepActionFeedback.py, /home/winslow/catkin_ws/devel/lib/python3/dist-packages/com2009_msgs/msg/_CameraSweepActionFeedback.py)
Linked: (/home/winslow/catkin_ws/devel/.private/com2009_msgs/lib/python3/dist-packages/com2009_msgs/msg/_CameraSweepResult.py, /home/winslow/catkin_ws/devel/lib/python3/dist-packages/com2009_msgs/msg/_CameraSweepResult.py)
Linked: (/home/winslow/catkin_ws/devel/.private/com2009_msgs/lib/python3/dist-packages/com2009_msgs/msg/_SearchFeedback.py, /home/winslow/catkin_ws/devel/lib/python3/dist-packages/com2009_msgs/msg/_SearchFeedback.py)
Linked: (/home/winslow/catkin_ws/devel/.private/com2009_msgs/lib/python3/dist-packages/com2009_msgs/msg/_SearchActionResult.py, /home/winslow/catkin_ws/devel/lib/python3/dist-packages/com2009_msgs/msg/_SearchActionResult.py)
Linked: (/home/winslow/catkin_ws/devel/.private/com2009_msgs/lib/python3/dist-packages/com2009_msgs/msg/_SearchResult.py, /home/winslow/catkin_ws/devel/lib/python3/dist-packages/com2009_msgs/msg/_SearchResult.py)
Linked: (/home/winslow/catkin_ws/devel/.private/com2009_msgs/lib/python3/dist-packages/com2009_msgs/msg/_CameraSweepAction.py, /home/winslow/catkin_ws/devel/lib/python3/dist-packages/com2009_msgs/msg/_CameraSweepAction.py)
Linked: (/home/winslow/catkin_ws/devel/.private/com2009_msgs/lib/python3/dist-packages/com2009_msgs/srv/__init__.py, /home/winslow/catkin_ws/devel/lib/python3/dist-packages/com2009_msgs/srv/__init__.py)
Linked: (/home/winslow/catkin_ws/devel/.private/com2009_msgs/lib/python3/dist-packages/com2009_msgs/srv/_SetBool.py, /home/winslow/catkin_ws/devel/lib/python3/dist-packages/com2009_msgs/srv/_SetBool.py)
Linked: (/home/winslow/catkin_ws/devel/.private/com2009_msgs/lib/python3/dist-packages/com2009_msgs/srv/_TimedMovement.py, /home/winslow/catkin_ws/devel/lib/python3/dist-packages/com2009_msgs/srv/_TimedMovement.py)
Linked: (/home/winslow/catkin_ws/devel/.private/com2009_msgs/lib/python3/dist-packages/com2009_msgs/srv/_Approach.py, /home/winslow/catkin_ws/devel/lib/python3/dist-packages/com2009_msgs/srv/_Approach.py)
Linked: (/home/winslow/catkin_ws/devel/.private/com2009_msgs/lib/pkgconfig/com2009_msgs.pc, /home/winslow/catkin_ws/devel/lib/pkgconfig/com2009_msgs.pc)
Linked: (/home/winslow/catkin_ws/devel/.private/com2009_msgs/include/com2009_msgs/Approach.h, /home/winslow/catkin_ws/devel/include/com2009_msgs/Approach.h)
Linked: (/home/winslow/catkin_ws/devel/.private/com2009_msgs/include/com2009_msgs/CameraSweepResult.h, /home/winslow/catkin_ws/devel/include/com2009_msgs/CameraSweepResult.h)
Linked: (/home/winslow/catkin_ws/devel/.private/com2009_msgs/include/com2009_msgs/TimedMovement.h, /home/winslow/catkin_ws/devel/include/com2009_msgs/TimedMovement.h)
Linked: (/home/winslow/catkin_ws/devel/.private/com2009_msgs/include/com2009_msgs/CameraSweepActionGoal.h, /home/winslow/catkin_ws/devel/include/com2009_msgs/CameraSweepActionGoal.h)
Linked: (/home/winslow/catkin_ws/devel/.private/com2009_msgs/include/com2009_msgs/SetBoolResponse.h, /home/winslow/catkin_ws/devel/include/com2009_msgs/SetBoolResponse.h)
Linked: (/home/winslow/catkin_ws/devel/.private/com2009_msgs/include/com2009_msgs/SearchActionGoal.h, /home/winslow/catkin_ws/devel/include/com2009_msgs/SearchActionGoal.h)
Linked: (/home/winslow/catkin_ws/devel/.private/com2009_msgs/include/com2009_msgs/ApproachRequest.h, /home/winslow/catkin_ws/devel/include/com2009_msgs/ApproachRequest.h)
Linked: (/home/winslow/catkin_ws/devel/.private/com2009_msgs/include/com2009_msgs/SearchResult.h, /home/winslow/catkin_ws/devel/include/com2009_msgs/SearchResult.h)
Linked: (/home/winslow/catkin_ws/devel/.private/com2009_msgs/include/com2009_msgs/CameraSweepActionResult.h, /home/winslow/catkin_ws/devel/include/com2009_msgs/CameraSweepActionResult.h)
Linked: (/home/winslow/catkin_ws/devel/.private/com2009_msgs/include/com2009_msgs/NumpyInt32Array.h, /home/winslow/catkin_ws/devel/include/com2009_msgs/NumpyInt32Array.h)
Linked: (/home/winslow/catkin_ws/devel/.private/com2009_msgs/include/com2009_msgs/TimedMovementResponse.h, /home/winslow/catkin_ws/devel/include/com2009_msgs/TimedMovementResponse.h)
Linked: (/home/winslow/catkin_ws/devel/.private/com2009_msgs/include/com2009_msgs/CameraSweepActionFeedback.h, /home/winslow/catkin_ws/devel/include/com2009_msgs/CameraSweepActionFeedback.h)
Linked: (/home/winslow/catkin_ws/devel/.private/com2009_msgs/include/com2009_msgs/SetBool.h, /home/winslow/catkin_ws/devel/include/com2009_msgs/SetBool.h)
Linked: (/home/winslow/catkin_ws/devel/.private/com2009_msgs/include/com2009_msgs/ApproachResponse.h, /home/winslow/catkin_ws/devel/include/com2009_msgs/ApproachResponse.h)
Linked: (/home/winslow/catkin_ws/devel/.private/com2009_msgs/include/com2009_msgs/SearchActionResult.h, /home/winslow/catkin_ws/devel/include/com2009_msgs/SearchActionResult.h)
Linked: (/home/winslow/catkin_ws/devel/.private/com2009_msgs/include/com2009_msgs/SetBoolRequest.h, /home/winslow/catkin_ws/devel/include/com2009_msgs/SetBoolRequest.h)
Linked: (/home/winslow/catkin_ws/devel/.private/com2009_msgs/include/com2009_msgs/CameraSweepFeedback.h, /home/winslow/catkin_ws/devel/include/com2009_msgs/CameraSweepFeedback.h)
Linked: (/home/winslow/catkin_ws/devel/.private/com2009_msgs/include/com2009_msgs/NumpyFloat32Array.h, /home/winslow/catkin_ws/devel/include/com2009_msgs/NumpyFloat32Array.h)
Linked: (/home/winslow/catkin_ws/devel/.private/com2009_msgs/include/com2009_msgs/SearchActionFeedback.h, /home/winslow/catkin_ws/devel/include/com2009_msgs/SearchActionFeedback.h)
Linked: (/home/winslow/catkin_ws/devel/.private/com2009_msgs/include/com2009_msgs/SearchFeedback.h, /home/winslow/catkin_ws/devel/include/com2009_msgs/SearchFeedback.h)
Linked: (/home/winslow/catkin_ws/devel/.private/com2009_msgs/include/com2009_msgs/CameraSweepAction.h, /home/winslow/catkin_ws/devel/include/com2009_msgs/CameraSweepAction.h)
Linked: (/home/winslow/catkin_ws/devel/.private/com2009_msgs/include/com2009_msgs/TimedMovementRequest.h, /home/winslow/catkin_ws/devel/include/com2009_msgs/TimedMovementRequest.h)
Linked: (/home/winslow/catkin_ws/devel/.private/com2009_msgs/include/com2009_msgs/SearchGoal.h, /home/winslow/catkin_ws/devel/include/com2009_msgs/SearchGoal.h)
Linked: (/home/winslow/catkin_ws/devel/.private/com2009_msgs/include/com2009_msgs/SearchAction.h, /home/winslow/catkin_ws/devel/include/com2009_msgs/SearchAction.h)
Linked: (/home/winslow/catkin_ws/devel/.private/com2009_msgs/include/com2009_msgs/CameraSweepGoal.h, /home/winslow/catkin_ws/devel/include/com2009_msgs/CameraSweepGoal.h)
