[  0%] Built target _com2009_msgs_generate_messages_check_deps_CameraSweepActionGoal
[  0%] Built target _com2009_msgs_generate_messages_check_deps_SetBool
[  0%] Built target _com2009_msgs_generate_messages_check_deps_NumpyInt32Array
[  0%] Built target _com2009_msgs_generate_messages_check_deps_SearchResult
[  0%] Built target std_msgs_generate_messages_cpp
[  0%] Built target _com2009_msgs_generate_messages_check_deps_CameraSweepGoal
[  0%] Built target actionlib_msgs_generate_messages_cpp
[  0%] Built target _com2009_msgs_generate_messages_check_deps_Approach
[  0%] Built target _com2009_msgs_generate_messages_check_deps_NumpyFloat32Array
[  0%] Built target _com2009_msgs_generate_messages_check_deps_CameraSweepAction
[  0%] Built target _com2009_msgs_generate_messages_check_deps_CameraSweepFeedback
[  0%] Built target _com2009_msgs_generate_messages_check_deps_CameraSweepActionResult
[  0%] Built target _com2009_msgs_generate_messages_check_deps_CameraSweepResult
[  0%] Built target _com2009_msgs_generate_messages_check_deps_CameraSweepActionFeedback
[  0%] Built target _com2009_msgs_generate_messages_check_deps_SearchAction
[  0%] Built target _com2009_msgs_generate_messages_check_deps_SearchActionGoal
[  0%] Built target _com2009_msgs_generate_messages_check_deps_SearchActionResult
[  0%] Built target _com2009_msgs_generate_messages_check_deps_TimedMovement
[  0%] Built target _com2009_msgs_generate_messages_check_deps_SearchActionFeedback
[  0%] Built target actionlib_msgs_generate_messages_py
[  0%] Built target _com2009_msgs_generate_messages_check_deps_SearchGoal
[  0%] Built target std_msgs_generate_messages_py
[  0%] Built target actionlib_msgs_generate_messages_lisp
[  0%] Built target std_msgs_generate_messages_lisp
[  0%] Built target actionlib_msgs_generate_messages_eus
[  0%] Built target _com2009_msgs_generate_messages_check_deps_SearchFeedback
[  0%] Built target std_msgs_generate_messages_eus
[  0%] Built target std_msgs_generate_messages_nodejs
[  0%] Built target actionlib_msgs_generate_messages_nodejs
[ 18%] Built target com2009_msgs_generate_messages_cpp
[ 38%] Built target com2009_msgs_generate_messages_lisp
[ 59%] Built target com2009_msgs_generate_messages_py
[ 80%] Built target com2009_msgs_generate_messages_eus
[100%] Built target com2009_msgs_generate_messages_nodejs
[100%] Built target com2009_msgs_generate_messages
